【2019-04-22 00:20:34】
订单号：20190422001356525153
通知地址：http://my.pay.com/Pay_Charges_notify.html
通知报文：memberid=10084&orderid=C20190422001355948144&transaction_id=20190422001356525153&amount=100.0000&datetime=20190422002034&returncode=00&sign=1F80CAB9A47140F283CF8CDBA865B0B7&attach=
HTTP状态：
返回：OK

【2019-04-22 00:21:53】
订单号：20190422001356525153
通知地址：http://my.pay.com/Pay_Charges_notify.html
通知报文：memberid=10084&orderid=C20190422001355948144&transaction_id=20190422001356525153&amount=100.0000&datetime=20190422002153&returncode=00&sign=B7BC4CE5CF2D3E34781A2A1AB6D5A9C2&attach=
HTTP状态：
返回：OK

【2019-04-22 00:23:31】
订单号：20190422001356525153
通知地址：http://my.pay.com/Pay_Charges_notify.html
通知报文：memberid=10084&orderid=C20190422001355948144&transaction_id=20190422001356525153&amount=100.0000&datetime=20190422002331&returncode=00&sign=9DFBD0D8711317070195F9E633794E0F&attach=
HTTP状态：
返回：OK

【2019-04-22 00:24:15】
订单号：20190422001356525153
通知地址：http://my.pay.com/Pay_Charges_notify.html
通知报文：memberid=10084&orderid=C20190422001355948144&transaction_id=20190422001356525153&amount=100.0000&datetime=20190422002415&returncode=00&sign=2ADDD9F422F552D36CBF7B47B9922039&attach=
HTTP状态：
返回：OK

【2019-04-22 00:24:18】
订单号：20190422001356525153
通知地址：http://my.pay.com/Pay_Charges_notify.html
通知报文：memberid=10084&orderid=C20190422001355948144&transaction_id=20190422001356525153&amount=100.0000&datetime=20190422002418&returncode=00&sign=26697DAD0D5EA72EFD75DAC84149A5A2&attach=
HTTP状态：
返回：OK

【2019-04-22 00:24:52】
订单号：20190422001356525153
通知地址：http://my.pay.com/Pay_Charges_notify.html
通知报文：memberid=10084&orderid=C20190422001355948144&transaction_id=20190422001356525153&amount=100.0000&datetime=20190422002452&returncode=00&sign=BBD232959A7582BB9D11291CC2C9FD4F&attach=
HTTP状态：
返回：OK

【2019-04-22 00:24:56】
订单号：20190422001356525153
通知地址：http://my.pay.com/Pay_Charges_notify.html
通知报文：memberid=10084&orderid=C20190422001355948144&transaction_id=20190422001356525153&amount=100.0000&datetime=20190422002456&returncode=00&sign=FFBB23361900B6F24C72C6380DC33D54&attach=
HTTP状态：
返回：OK

【2019-04-22 00:25:37】
订单号：20190422001356525153
通知地址：http://my.pay.com/Pay_Charges_notify.html
通知报文：memberid=10084&orderid=C20190422001355948144&transaction_id=20190422001356525153&amount=100.0000&datetime=20190422002537&returncode=00&sign=DDA8C894A002FD3CB3C5EF42954E2058&attach=
HTTP状态：
返回：OK

【2019-04-22 00:27:08】
订单号：20190422001356525153
通知地址：http://my.pay.com/Pay_Charges_notify.html
通知报文：memberid=10084&orderid=C20190422001355948144&transaction_id=20190422001356525153&amount=100.0000&datetime=20190422002707&returncode=00&sign=FF15D661015A15906CBB0BD9927E8233&attach=
HTTP状态：
返回：OK

【2019-04-22 00:36:38】
订单号：20190422003603514897
通知地址：http://my.pay.com/Pay_Charges_notify.html
通知报文：memberid=10084&orderid=C20190422003602146746&transaction_id=20190422003603514897&amount=100.0000&datetime=20190422003638&returncode=00&sign=9C2F6009CBCFBE5928B0B59669A32715&attach=
HTTP状态：
返回：OK

【2019-04-22 00:40:07】
订单号：20190422003603514897
通知地址：http://my.pay.com/Pay_Charges_notify.html
通知报文：memberid=10084&orderid=C20190422003602146746&transaction_id=20190422003603514897&amount=100.0000&datetime=20190422004007&returncode=00&sign=743D450B430C3582A591D52AEB8B1DF8&attach=
HTTP状态：
返回：OK

【2019-04-22 00:41:14】
订单号：20190422000003514954
通知地址：http://my.pay.com/Pay_Charges_notify.html
通知报文：memberid=10084&orderid=C20190421235900837210&transaction_id=20190422000003514954&amount=100.0000&datetime=20190422004114&returncode=00&sign=DA4EA27C26C13E32002C79A6B1A5B9AD&attach=
HTTP状态：
返回：OK

【2019-04-22 00:44:00】
订单号：20190422004337575498
通知地址：http://my.pay.com/Pay_Charges_notify.html
通知报文：memberid=10084&orderid=C20190422004336335519&transaction_id=20190422004337575498&amount=200.0000&datetime=20190422004400&returncode=00&sign=F0D69CBF7C252C381B123245FB40D2CA&attach=
HTTP状态：
返回：OK

【2019-04-22 22:22:29】
订单号：20190421200615559751
通知地址：http://my.pay.com/Pay_Charges_notify.html
通知报文：memberid=10005&orderid=C20190421200608869784&transaction_id=20190421200615559751&amount=10.0000&datetime=20190422222229&returncode=00&sign=C10E296B514674AB80FF8AF95F396835&attach=
HTTP状态：
返回：OK

