【2019-01-26 22:47:32】
订单号：20181214235705495352
通知地址：http://pay.sp2018.top:81/juhe_zfb/server.php
通知报文：memberid=10036&orderid=2018121423560320603&transaction_id=20181214235705495352&amount=5.0000&datetime=20190126224722&returncode=00&sign=B87293565AB7F848C5D54A7061083F07&attach=1234|456
HTTP状态：
返回：

【2019-01-26 22:47:33】
订单号：20181214235705495352
通知地址：http://pay.sp2018.top:81/juhe_zfb/server.php
通知报文：memberid=10036&orderid=2018121423560320603&transaction_id=20181214235705495352&amount=5.0000&datetime=20190126224723&returncode=00&sign=CC0CE66597F0D2F059A5C4C328DE7B63&attach=1234|456
HTTP状态：
返回：

【2019-01-26 22:47:36】
订单号：20181214235705495352
通知地址：http://pay.sp2018.top:81/juhe_zfb/server.php
通知报文：memberid=10036&orderid=2018121423560320603&transaction_id=20181214235705495352&amount=5.0000&datetime=20190126224726&returncode=00&sign=333047DB0BCBE6A58D4039897945D922&attach=1234|456
HTTP状态：
返回：

【2019-01-26 22:47:45】
订单号：20181214235705495352
通知地址：http://pay.sp2018.top:81/juhe_zfb/server.php
通知报文：memberid=10036&orderid=2018121423560320603&transaction_id=20181214235705495352&amount=5.0000&datetime=20190126224735&returncode=00&sign=321A6D1498DD46481C723EF2DA484BDA&attach=1234|456
HTTP状态：
返回：

