【2019-01-06 04:07:41】
订单号：20181214235705495352
通知地址：http://pay.sp2018.top:81/juhe_zfb/server.php
通知报文：memberid=10036&orderid=2018121423560320603&transaction_id=20181214235705495352&amount=5.0000&datetime=20190106040740&returncode=00&sign=265D0BA6D7D0B19303EE8825010CEC1E&attach=1234|456
HTTP状态：
返回：<!doctype html>
<html>
<head>
<meta charset="utf-8">
<meta http-equiv="X-UA-Compatible" content="IE=edge">
<meta name="viewport" content="width=device-width, initial-scale=1, maximum-scale=1, user-scalable=no">
<title>404</title>
<style>
	body{
		background-color:#444;
		font-size:14px;
	}
	h3{
		font-size:60px;
		color:#eee;
		text-align:center;
		padding-top:30px;
		font-weight:normal;
	}
</style>
</head>

<body>
<h3>404，您请求的文件不存在!</h3>
</body>
</html>


